0 info it worked if it ends with ok
1 verbose cli [ '/usr/local/bin/node', '/usr/local/bin/npm', 'start' ]
2 info using npm@3.7.3
3 info using node@v5.9.0
4 verbose run-script [ 'prestart', 'start', 'poststart' ]
5 info lifecycle xz-lightapp@1.0.1~prestart: xz-lightapp@1.0.1
6 silly lifecycle xz-lightapp@1.0.1~prestart: no script for prestart, continuing
7 info lifecycle xz-lightapp@1.0.1~start: xz-lightapp@1.0.1
8 verbose lifecycle xz-lightapp@1.0.1~start: unsafe-perm in lifecycle true
9 verbose lifecycle xz-lightapp@1.0.1~start: PATH: /usr/local/lib/node_modules/npm/bin/node-gyp-bin:/Users/xiaoz/xzLightApp/node_modules/.bin:/usr/local/bin:/usr/local/sbin:/usr/local/bin:/usr/bin:/bin:/usr/sbin:/sbin:~/Library/Android/sdk/tools:~/Library/Android/sdk/platform-tools
10 verbose lifecycle xz-lightapp@1.0.1~start: CWD: /Users/xiaoz/xzLightApp
11 silly lifecycle xz-lightapp@1.0.1~start: Args: [ '-c', 'webpack-dev-server --host 10.21.2.168 --port 8080' ]
12 silly lifecycle xz-lightapp@1.0.1~start: Returned: code: 1  signal: null
13 info lifecycle xz-lightapp@1.0.1~start: Failed to exec start script
14 verbose stack Error: xz-lightapp@1.0.1 start: `webpack-dev-server --host 10.21.2.168 --port 8080`
14 verbose stack Exit status 1
14 verbose stack     at EventEmitter.<anonymous> (/usr/local/lib/node_modules/npm/lib/utils/lifecycle.js:239:16)
14 verbose stack     at emitTwo (events.js:100:13)
14 verbose stack     at EventEmitter.emit (events.js:185:7)
14 verbose stack     at ChildProcess.<anonymous> (/usr/local/lib/node_modules/npm/lib/utils/spawn.js:24:14)
14 verbose stack     at emitTwo (events.js:100:13)
14 verbose stack     at ChildProcess.emit (events.js:185:7)
14 verbose stack     at maybeClose (internal/child_process.js:850:16)
14 verbose stack     at Process.ChildProcess._handle.onexit (internal/child_process.js:215:5)
15 verbose pkgid xz-lightapp@1.0.1
16 verbose cwd /Users/xiaoz/xzLightApp
17 error Darwin 16.3.0
18 error argv "/usr/local/bin/node" "/usr/local/bin/npm" "start"
19 error node v5.9.0
20 error npm  v3.7.3
21 error code ELIFECYCLE
22 error xz-lightapp@1.0.1 start: `webpack-dev-server --host 10.21.2.168 --port 8080`
22 error Exit status 1
23 error Failed at the xz-lightapp@1.0.1 start script 'webpack-dev-server --host 10.21.2.168 --port 8080'.
23 error Make sure you have the latest version of node.js and npm installed.
23 error If you do, this is most likely a problem with the xz-lightapp package,
23 error not with npm itself.
23 error Tell the author that this fails on your system:
23 error     webpack-dev-server --host 10.21.2.168 --port 8080
23 error You can get information on how to open an issue for this project with:
23 error     npm bugs xz-lightapp
23 error Or if that isn't available, you can get their info via:
23 error     npm owner ls xz-lightapp
23 error There is likely additional logging output above.
24 verbose exit [ 1, true ]
